# DUAL BRAIN DECISION LOG
# ========================
#
# Este archivo registra todas las decisiones arquitecturales y de runtime
# del sistema Dual Brain de Esquizo-AI.
#
# Formato de entrada:
# [TIMESTAMP] [BRAIN:ARCHITECT|RUNTIME] [DECISIÓN]
#
# Inicializado: 2024-12-25
#
# ========================================================================

[2025-12-25 POST-PAUSA] [BRAIN:RUNTIME] Contrato #002 materializado - Invocación Formal del Architect
[2025-12-25 POST-PAUSA] [BRAIN:RUNTIME] Definidos 3 tipos: QUERY, DESIGN_TASK, AMENDMENT
[2025-12-25 POST-PAUSA] [BRAIN:RUNTIME] INTENT: Ejecutar primera invocación formal tipo QUERY al Architect
[2025-12-25 POST-PAUSA] [BRAIN:ARCHITECT] RESPONSE: Validación completa Contrato #002
  - Tríada QUERY/DESIGN_TASK/AMENDMENT: CORRECTA Y SUFICIENTE
  - Separación intención/resultado: LOGRO CLAVE
  - Primera invocación formal: ÉXITO
  - Estado del sistema: Roles claros, actos tipificados, contratos vivos
  - Veredicto: "Sistema operativo cognitivo mínimo funcionando"
[2025-12-25 POST-PAUSA] [BRAIN:ARCHITECT] PROPUESTA: Contrato #003 (Enforcement) o #003-alt (Manejo de errores)
[2025-12-25 POST-PAUSA] [BRAIN:ARCHITECT] AJUSTE v0.2.1: Formato YAML opcional (INTENT/EXPECTED OUTPUT/CONTEXT SCOPE)

